<?xml version="1.0" encoding="UTF-8"?>
<!-- Generated by org.testng.reporters.JUnitReportReporter -->
<testsuite hostname="LAPTOP-5V4ABVJ7" name="org.muni.fi.pa165.lang_school.DAO.CourseDAOTest" tests="9" failures="0" timestamp="22 Nov 2016 16:56:41 GMT" time="0.370" errors="0">
  <testcase name="testUpdateCourse" time="0.024" classname="org.muni.fi.pa165.lang_school.DAO.CourseDAOTest"/>
  <testcase name="testDeleteNullCourse" time="0.004" classname="org.muni.fi.pa165.lang_school.DAO.CourseDAOTest"/>
  <testcase name="testReadByNullId" time="0.014" classname="org.muni.fi.pa165.lang_school.DAO.CourseDAOTest"/>
  <testcase name="testReadById" time="0.010" classname="org.muni.fi.pa165.lang_school.DAO.CourseDAOTest"/>
  <testcase name="testUpdateNullCourse" time="0.010" classname="org.muni.fi.pa165.lang_school.DAO.CourseDAOTest"/>
  <testcase name="testCreateCourse" time="0.221" classname="org.muni.fi.pa165.lang_school.DAO.CourseDAOTest"/>
  <testcase name="testDuplicateId" time="0.017" classname="org.muni.fi.pa165.lang_school.DAO.CourseDAOTest"/>
  <testcase name="testCreateNullCourse" time="0.009" classname="org.muni.fi.pa165.lang_school.DAO.CourseDAOTest"/>
  <testcase name="testDeleteCourse" time="0.061" classname="org.muni.fi.pa165.lang_school.DAO.CourseDAOTest"/>
</testsuite> <!-- org.muni.fi.pa165.lang_school.DAO.CourseDAOTest -->
