<?xml version="1.0" encoding="UTF-8"?>
<!-- Generated by org.testng.reporters.JUnitReportReporter -->
<testsuite hostname="LAPTOP-5V4ABVJ7" name="org.muni.fi.pa165.lang_school.DAO.LectureDAOTest" tests="13" failures="0" timestamp="22 Nov 2016 17:49:01 GMT" time="0.178" errors="0">
  <testcase name="testCreate" time="0.030" classname="org.muni.fi.pa165.lang_school.DAO.LectureDAOTest"/>
  <testcase name="testDeleteNullCourse" time="0.005" classname="org.muni.fi.pa165.lang_school.DAO.LectureDAOTest"/>
  <testcase name="testFindByCodeAndTopicMatchMultiple" time="0.019" classname="org.muni.fi.pa165.lang_school.DAO.LectureDAOTest"/>
  <testcase name="testCreateNullCourse" time="0.008" classname="org.muni.fi.pa165.lang_school.DAO.LectureDAOTest"/>
  <testcase name="testFindByCodeAndTopicNoMatchCode" time="0.011" classname="org.muni.fi.pa165.lang_school.DAO.LectureDAOTest"/>
  <testcase name="testFindByCodeAndTopicOneMatch" time="0.008" classname="org.muni.fi.pa165.lang_school.DAO.LectureDAOTest"/>
  <testcase name="testFindByCodeAndTopicNoMatchTopic" time="0.008" classname="org.muni.fi.pa165.lang_school.DAO.LectureDAOTest"/>
  <testcase name="testReadByColumn" time="0.026" classname="org.muni.fi.pa165.lang_school.DAO.LectureDAOTest"/>
  <testcase name="testReadByNullId" time="0.007" classname="org.muni.fi.pa165.lang_school.DAO.LectureDAOTest"/>
  <testcase name="testUpdateNullCourse" time="0.006" classname="org.muni.fi.pa165.lang_school.DAO.LectureDAOTest"/>
  <testcase name="testDeleteCourse" time="0.013" classname="org.muni.fi.pa165.lang_school.DAO.LectureDAOTest"/>
  <testcase name="testReadById" time="0.010" classname="org.muni.fi.pa165.lang_school.DAO.LectureDAOTest"/>
  <testcase name="testUpdateCourse" time="0.027" classname="org.muni.fi.pa165.lang_school.DAO.LectureDAOTest"/>
</testsuite> <!-- org.muni.fi.pa165.lang_school.DAO.LectureDAOTest -->
