<?xml version="1.0" encoding="UTF-8"?>
<!-- Generated by org.testng.reporters.JUnitReportReporter -->
<testsuite hostname="LAPTOP-5V4ABVJ7" name="org.muni.fi.pa165.lang_school.DAO.CourseDAOTest" tests="9" failures="0" timestamp="22 Nov 2016 17:49:01 GMT" time="0.393" errors="0">
  <testcase name="testUpdateCourse" time="0.025" classname="org.muni.fi.pa165.lang_school.DAO.CourseDAOTest"/>
  <testcase name="testDeleteNullCourse" time="0.003" classname="org.muni.fi.pa165.lang_school.DAO.CourseDAOTest"/>
  <testcase name="testReadByNullId" time="0.009" classname="org.muni.fi.pa165.lang_school.DAO.CourseDAOTest"/>
  <testcase name="testReadById" time="0.012" classname="org.muni.fi.pa165.lang_school.DAO.CourseDAOTest"/>
  <testcase name="testUpdateNullCourse" time="0.020" classname="org.muni.fi.pa165.lang_school.DAO.CourseDAOTest"/>
  <testcase name="testCreateCourse" time="0.247" classname="org.muni.fi.pa165.lang_school.DAO.CourseDAOTest"/>
  <testcase name="testDuplicateId" time="0.008" classname="org.muni.fi.pa165.lang_school.DAO.CourseDAOTest"/>
  <testcase name="testCreateNullCourse" time="0.004" classname="org.muni.fi.pa165.lang_school.DAO.CourseDAOTest"/>
  <testcase name="testDeleteCourse" time="0.065" classname="org.muni.fi.pa165.lang_school.DAO.CourseDAOTest"/>
</testsuite> <!-- org.muni.fi.pa165.lang_school.DAO.CourseDAOTest -->
