<?xml version="1.0" encoding="UTF-8"?>
<!-- Generated by org.testng.reporters.JUnitReportReporter -->
<testsuite hostname="LAPTOP-5V4ABVJ7" name="org.muni.fi.pa165.lang_school.DAO.StudentDAOTest" tests="12" failures="0" timestamp="22 Nov 2016 17:49:01 GMT" time="0.134" errors="0">
  <testcase name="testUpdateStudent" time="0.035" classname="org.muni.fi.pa165.lang_school.DAO.StudentDAOTest"/>
  <testcase name="testDuplicateId" time="0.006" classname="org.muni.fi.pa165.lang_school.DAO.StudentDAOTest"/>
  <testcase name="testReadById" time="0.009" classname="org.muni.fi.pa165.lang_school.DAO.StudentDAOTest"/>
  <testcase name="testFindByIdNameAndSurname" time="0.015" classname="org.muni.fi.pa165.lang_school.DAO.StudentDAOTest"/>
  <testcase name="testCreateNullStudent" time="0.005" classname="org.muni.fi.pa165.lang_school.DAO.StudentDAOTest"/>
  <testcase name="testReadByColumn" time="0.015" classname="org.muni.fi.pa165.lang_school.DAO.StudentDAOTest"/>
  <testcase name="testReadByNullId" time="0.007" classname="org.muni.fi.pa165.lang_school.DAO.StudentDAOTest"/>
  <testcase name="testCreateStudent" time="0.014" classname="org.muni.fi.pa165.lang_school.DAO.StudentDAOTest"/>
  <testcase name="testFindByNameAndSurname" time="0.014" classname="org.muni.fi.pa165.lang_school.DAO.StudentDAOTest"/>
  <testcase name="testDeleteNullStudent" time="0.003" classname="org.muni.fi.pa165.lang_school.DAO.StudentDAOTest"/>
  <testcase name="testUpdateNullStudent" time="0.004" classname="org.muni.fi.pa165.lang_school.DAO.StudentDAOTest"/>
  <testcase name="testDeleteStudent" time="0.007" classname="org.muni.fi.pa165.lang_school.DAO.StudentDAOTest"/>
</testsuite> <!-- org.muni.fi.pa165.lang_school.DAO.StudentDAOTest -->
