<?xml version="1.0" encoding="UTF-8"?>
<!-- Generated by org.testng.reporters.JUnitReportReporter -->
<testsuite hostname="LAPTOP-5V4ABVJ7" name="org.muni.fi.pa165.lang_school.DAO.LecturerDAOTest" tests="11" failures="0" timestamp="22 Nov 2016 17:49:01 GMT" time="0.093" errors="0">
  <testcase name="testDuplicateId" time="0.006" classname="org.muni.fi.pa165.lang_school.DAO.LecturerDAOTest"/>
  <testcase name="testReadByColumn" time="0.013" classname="org.muni.fi.pa165.lang_school.DAO.LecturerDAOTest"/>
  <testcase name="testReadById" time="0.008" classname="org.muni.fi.pa165.lang_school.DAO.LecturerDAOTest"/>
  <testcase name="testUpdateLecturer" time="0.011" classname="org.muni.fi.pa165.lang_school.DAO.LecturerDAOTest"/>
  <testcase name="testDeleteLecturer" time="0.015" classname="org.muni.fi.pa165.lang_school.DAO.LecturerDAOTest"/>
  <testcase name="testFindByName" time="0.010" classname="org.muni.fi.pa165.lang_school.DAO.LecturerDAOTest"/>
  <testcase name="testCreateLecturer" time="0.014" classname="org.muni.fi.pa165.lang_school.DAO.LecturerDAOTest"/>
  <testcase name="testCreateNullLecturer" time="0.004" classname="org.muni.fi.pa165.lang_school.DAO.LecturerDAOTest"/>
  <testcase name="testUpdateNullLecturer" time="0.003" classname="org.muni.fi.pa165.lang_school.DAO.LecturerDAOTest"/>
  <testcase name="testReadByNullId" time="0.005" classname="org.muni.fi.pa165.lang_school.DAO.LecturerDAOTest"/>
  <testcase name="testDeleteNullLecturer" time="0.004" classname="org.muni.fi.pa165.lang_school.DAO.LecturerDAOTest"/>
</testsuite> <!-- org.muni.fi.pa165.lang_school.DAO.LecturerDAOTest -->
