<?xml version="1.0" encoding="UTF-8"?>
<!-- Generated by org.testng.reporters.JUnitReportReporter -->
<testsuite hostname="LAPTOP-5V4ABVJ7" name="org.muni.fi.pa165.lang_school.DAO.CourseDAOTest" tests="9" failures="0" timestamp="21 Nov 2016 18:44:29 GMT" time="0.327" errors="0">
  <testcase name="testCreateCourse" time="0.253" classname="org.muni.fi.pa165.lang_school.DAO.CourseDAOTest"/>
  <testcase name="testUpdateNullCourse" time="0.006" classname="org.muni.fi.pa165.lang_school.DAO.CourseDAOTest"/>
  <testcase name="testCreateNullCourse" time="0.005" classname="org.muni.fi.pa165.lang_school.DAO.CourseDAOTest"/>
  <testcase name="testReadByNullId" time="0.013" classname="org.muni.fi.pa165.lang_school.DAO.CourseDAOTest"/>
  <testcase name="testDeleteNullCourse" time="0.004" classname="org.muni.fi.pa165.lang_school.DAO.CourseDAOTest"/>
  <testcase name="testUpdateCourse" time="0.021" classname="org.muni.fi.pa165.lang_school.DAO.CourseDAOTest"/>
  <testcase name="testDuplicateId" time="0.007" classname="org.muni.fi.pa165.lang_school.DAO.CourseDAOTest"/>
  <testcase name="testReadById" time="0.008" classname="org.muni.fi.pa165.lang_school.DAO.CourseDAOTest"/>
  <testcase name="testDeleteCourse" time="0.010" classname="org.muni.fi.pa165.lang_school.DAO.CourseDAOTest"/>
</testsuite> <!-- org.muni.fi.pa165.lang_school.DAO.CourseDAOTest -->
