<?xml version="1.0" encoding="UTF-8"?>
<testsuite name="TestSuite" time="0.41" tests="45" errors="0" skipped="0" failures="0">
  <properties>
    <property name="java.runtime.name" value="Java(TM) SE Runtime Environment"/>
    <property name="sun.boot.library.path" value="C:\Program Files\Java\jdk1.8.0_102\jre\bin"/>
    <property name="java.vm.version" value="25.102-b14"/>
    <property name="java.vm.vendor" value="Oracle Corporation"/>
    <property name="java.vendor.url" value="http://java.oracle.com/"/>
    <property name="path.separator" value=";"/>
    <property name="guice.disable.misplaced.annotation.check" value="true"/>
    <property name="java.vm.name" value="Java HotSpot(TM) 64-Bit Server VM"/>
    <property name="file.encoding.pkg" value="sun.io"/>
    <property name="user.script" value=""/>
    <property name="user.country" value="US"/>
    <property name="sun.java.launcher" value="SUN_STANDARD"/>
    <property name="sun.os.patch.level" value=""/>
    <property name="java.vm.specification.name" value="Java Virtual Machine Specification"/>
    <property name="user.dir" value="C:\Users\zanri\Desktop\PA165_TP_LANGUAGE_SCHOOL\Language-School"/>
    <property name="java.runtime.version" value="1.8.0_102-b14"/>
    <property name="java.awt.graphicsenv" value="sun.awt.Win32GraphicsEnvironment"/>
    <property name="java.endorsed.dirs" value="C:\Program Files\Java\jdk1.8.0_102\jre\lib\endorsed"/>
    <property name="os.arch" value="amd64"/>
    <property name="java.io.tmpdir" value="C:\Users\zanri\AppData\Local\Temp\"/>
    <property name="line.separator" value="&#10;"/>
    <property name="java.vm.specification.vendor" value="Oracle Corporation"/>
    <property name="user.variant" value=""/>
    <property name="os.name" value="Windows 10"/>
    <property name="maven.ext.class.path" value="C:\Program Files\NetBeans 8.1\java\maven-nblib\netbeans-eventspy.jar"/>
    <property name="classworlds.conf" value="C:\Program Files\NetBeans 8.1\java\maven\bin\m2.conf"/>
    <property name="sun.jnu.encoding" value="Cp1252"/>
    <property name="java.library.path" value="C:\Program Files\Java\jdk1.8.0_102\bin;C:\WINDOWS\Sun\Java\bin;C:\WINDOWS\system32;C:\WINDOWS;C:\ProgramData\Oracle\Java\javapath;C:\Program Files (x86)\Intel\iCLS Client\;C:\Program Files\Intel\iCLS Client\;C:\Program Files (x86)\Lenovo\FusionEngine;C:\Windows\system32;C:\Windows;C:\Windows\System32\Wbem;C:\Windows\System32\WindowsPowerShell\v1.0\;C:\Program Files (x86)\NVIDIA Corporation\PhysX\Common;C:\Program Files (x86)\Intel\Intel(R) Management Engine Components\DAL;C:\Program Files\Intel\Intel(R) Management Engine Components\DAL;C:\Program Files (x86)\Intel\Intel(R) Management Engine Components\IPT;C:\Program Files\Intel\Intel(R) Management Engine Components\IPT;C:\WINDOWS\system32\config\systemprofile\.dnx\bin;C:\Program Files\Microsoft DNX\Dnvm\;C:\Program Files\Microsoft SQL Server\120\Tools\Binn\;C:\Program Files\Microsoft SQL Server\130\Tools\Binn\;C:\Program Files\Intel\WiFi\bin\;C:\Program Files\Common Files\Intel\WirelessCommon\;C:\WINDOWS\system32;C:\WINDOWS;C:\WINDOWS\System32\Wbem;C:\WINDOWS\System32\WindowsPowerShell\v1.0\;C:\Users\zanri\AppData\Local\Programs\Python\Python35-32\Scripts\;C:\Users\zanri\AppData\Local\Programs\Python\Python35-32\;C:\Program Files\Intel\WiFi\bin\;C:\Program Files\Common Files\Intel\WirelessCommon\;C:\Users\zanri\AppData\Local\Microsoft\WindowsApps;;."/>
    <property name="java.specification.name" value="Java Platform API Specification"/>
    <property name="java.class.version" value="52.0"/>
    <property name="sun.management.compiler" value="HotSpot 64-Bit Tiered Compilers"/>
    <property name="os.version" value="10.0"/>
    <property name="user.home" value="C:\Users\zanri"/>
    <property name="user.timezone" value="Europe/Belgrade"/>
    <property name="java.awt.printerjob" value="sun.awt.windows.WPrinterJob"/>
    <property name="java.specification.version" value="1.8"/>
    <property name="file.encoding" value="UTF-8"/>
    <property name="user.name" value="zanri"/>
    <property name="java.class.path" value="C:\Program Files\NetBeans 8.1\java\maven\boot\plexus-classworlds-2.4.jar"/>
    <property name="java.vm.specification.version" value="1.8"/>
    <property name="sun.arch.data.model" value="64"/>
    <property name="java.home" value="C:\Program Files\Java\jdk1.8.0_102\jre"/>
    <property name="sun.java.command" value="org.codehaus.plexus.classworlds.launcher.Launcher -Dmaven.ext.class.path=C:\Program Files\NetBeans 8.1\java\maven-nblib\netbeans-eventspy.jar -Dfile.encoding=UTF-8 install"/>
    <property name="java.specification.vendor" value="Oracle Corporation"/>
    <property name="user.language" value="en"/>
    <property name="awt.toolkit" value="sun.awt.windows.WToolkit"/>
    <property name="java.vm.info" value="mixed mode"/>
    <property name="java.version" value="1.8.0_102"/>
    <property name="java.ext.dirs" value="C:\Program Files\Java\jdk1.8.0_102\jre\lib\ext;C:\WINDOWS\Sun\Java\lib\ext"/>
    <property name="sun.boot.class.path" value="C:\Program Files\Java\jdk1.8.0_102\jre\lib\resources.jar;C:\Program Files\Java\jdk1.8.0_102\jre\lib\rt.jar;C:\Program Files\Java\jdk1.8.0_102\jre\lib\sunrsasign.jar;C:\Program Files\Java\jdk1.8.0_102\jre\lib\jsse.jar;C:\Program Files\Java\jdk1.8.0_102\jre\lib\jce.jar;C:\Program Files\Java\jdk1.8.0_102\jre\lib\charsets.jar;C:\Program Files\Java\jdk1.8.0_102\jre\lib\jfr.jar;C:\Program Files\Java\jdk1.8.0_102\jre\classes"/>
    <property name="java.vendor" value="Oracle Corporation"/>
    <property name="maven.home" value="C:\Program Files\NetBeans 8.1\java\maven"/>
    <property name="file.separator" value="\"/>
    <property name="java.vendor.url.bug" value="http://bugreport.sun.com/bugreport/"/>
    <property name="sun.cpu.endian" value="little"/>
    <property name="sun.io.unicode.encoding" value="UnicodeLittle"/>
    <property name="sun.desktop" value="windows"/>
    <property name="sun.cpu.isalist" value="amd64"/>
  </properties>
  <testcase name="testCreateCourse" classname="org.muni.fi.pa165.lang_school.DAO.CourseDAOTest" time="0.215"/>
  <testcase name="testCreateNullCourse" classname="org.muni.fi.pa165.lang_school.DAO.CourseDAOTest" time="0"/>
  <testcase name="testDeleteCourse" classname="org.muni.fi.pa165.lang_school.DAO.CourseDAOTest" time="0.004"/>
  <testcase name="testDeleteNullCourse" classname="org.muni.fi.pa165.lang_school.DAO.CourseDAOTest" time="0.001"/>
  <testcase name="testDuplicateId" classname="org.muni.fi.pa165.lang_school.DAO.CourseDAOTest" time="0.004"/>
  <testcase name="testReadById" classname="org.muni.fi.pa165.lang_school.DAO.CourseDAOTest" time="0.009"/>
  <testcase name="testReadByNullId" classname="org.muni.fi.pa165.lang_school.DAO.CourseDAOTest" time="0.007"/>
  <testcase name="testUpdateCourse" classname="org.muni.fi.pa165.lang_school.DAO.CourseDAOTest" time="0.02"/>
  <testcase name="testUpdateNullCourse" classname="org.muni.fi.pa165.lang_school.DAO.CourseDAOTest" time="0"/>
  <testcase name="testCreate" classname="org.muni.fi.pa165.lang_school.DAO.LectureDAOTest" time="0.025"/>
  <testcase name="testCreateNullCourse" classname="org.muni.fi.pa165.lang_school.DAO.LectureDAOTest" time="0"/>
  <testcase name="testDeleteCourse" classname="org.muni.fi.pa165.lang_school.DAO.LectureDAOTest" time="0.004"/>
  <testcase name="testDeleteNullCourse" classname="org.muni.fi.pa165.lang_school.DAO.LectureDAOTest" time="0"/>
  <testcase name="testFindByCodeAndTopicMatchMultiple" classname="org.muni.fi.pa165.lang_school.DAO.LectureDAOTest" time="0.014"/>
  <testcase name="testFindByCodeAndTopicNoMatchCode" classname="org.muni.fi.pa165.lang_school.DAO.LectureDAOTest" time="0.002"/>
  <testcase name="testFindByCodeAndTopicNoMatchTopic" classname="org.muni.fi.pa165.lang_school.DAO.LectureDAOTest" time="0.001"/>
  <testcase name="testFindByCodeAndTopicOneMatch" classname="org.muni.fi.pa165.lang_school.DAO.LectureDAOTest" time="0"/>
  <testcase name="testReadByColumn" classname="org.muni.fi.pa165.lang_school.DAO.LectureDAOTest" time="0.004"/>
  <testcase name="testReadById" classname="org.muni.fi.pa165.lang_school.DAO.LectureDAOTest" time="0.006"/>
  <testcase name="testReadByNullId" classname="org.muni.fi.pa165.lang_school.DAO.LectureDAOTest" time="0.003"/>
  <testcase name="testUpdateCourse" classname="org.muni.fi.pa165.lang_school.DAO.LectureDAOTest" time="0.002"/>
  <testcase name="testUpdateNullCourse" classname="org.muni.fi.pa165.lang_school.DAO.LectureDAOTest" time="0"/>
  <testcase name="testCreateLecturer" classname="org.muni.fi.pa165.lang_school.DAO.LecturerDAOTest" time="0.003"/>
  <testcase name="testCreateNullLecturer" classname="org.muni.fi.pa165.lang_school.DAO.LecturerDAOTest" time="0"/>
  <testcase name="testDeleteLecturer" classname="org.muni.fi.pa165.lang_school.DAO.LecturerDAOTest" time="0.001"/>
  <testcase name="testDeleteNullLecturer" classname="org.muni.fi.pa165.lang_school.DAO.LecturerDAOTest" time="0"/>
  <testcase name="testDuplicateId" classname="org.muni.fi.pa165.lang_school.DAO.LecturerDAOTest" time="0.005"/>
  <testcase name="testFindByName" classname="org.muni.fi.pa165.lang_school.DAO.LecturerDAOTest" time="0.005"/>
  <testcase name="testReadByColumn" classname="org.muni.fi.pa165.lang_school.DAO.LecturerDAOTest" time="0.008"/>
  <testcase name="testReadById" classname="org.muni.fi.pa165.lang_school.DAO.LecturerDAOTest" time="0.004"/>
  <testcase name="testReadByNullId" classname="org.muni.fi.pa165.lang_school.DAO.LecturerDAOTest" time="0.001"/>
  <testcase name="testUpdateLecturer" classname="org.muni.fi.pa165.lang_school.DAO.LecturerDAOTest" time="0.011"/>
  <testcase name="testUpdateNullLecturer" classname="org.muni.fi.pa165.lang_school.DAO.LecturerDAOTest" time="0"/>
  <testcase name="testCreateNullStudent" classname="org.muni.fi.pa165.lang_school.DAO.StudentDAOTest" time="0"/>
  <testcase name="testCreateStudent" classname="org.muni.fi.pa165.lang_school.DAO.StudentDAOTest" time="0.016"/>
  <testcase name="testDeleteNullStudent" classname="org.muni.fi.pa165.lang_school.DAO.StudentDAOTest" time="0"/>
  <testcase name="testDeleteStudent" classname="org.muni.fi.pa165.lang_school.DAO.StudentDAOTest" time="0.004"/>
  <testcase name="testDuplicateId" classname="org.muni.fi.pa165.lang_school.DAO.StudentDAOTest" time="0.009"/>
  <testcase name="testFindByIdNameAndSurname" classname="org.muni.fi.pa165.lang_school.DAO.StudentDAOTest" time="0.01"/>
  <testcase name="testFindByNameAndSurname" classname="org.muni.fi.pa165.lang_school.DAO.StudentDAOTest" time="0.003"/>
  <testcase name="testReadByColumn" classname="org.muni.fi.pa165.lang_school.DAO.StudentDAOTest" time="0.003"/>
  <testcase name="testReadById" classname="org.muni.fi.pa165.lang_school.DAO.StudentDAOTest" time="0.002"/>
  <testcase name="testReadByNullId" classname="org.muni.fi.pa165.lang_school.DAO.StudentDAOTest" time="0.003"/>
  <testcase name="testUpdateNullStudent" classname="org.muni.fi.pa165.lang_school.DAO.StudentDAOTest" time="0"/>
  <testcase name="testUpdateStudent" classname="org.muni.fi.pa165.lang_school.DAO.StudentDAOTest" time="0.001"/>
</testsuite>